Build started 2013-04-10 20:26:35.
     1>Project "C:\Users\Admin\Documents\Visual Studio 2012\Projects\ConsoleApplication1\ConsoleApplication1\ConsoleApplication1.vcxproj" on node 2 (Build target(s)).
     1>ClCompile:
         C:\Program Files (x86)\Microsoft Visual Studio 11.0\VC\bin\CL.exe /c /ZI /nologo /W3 /WX- /Od /Oy- /D GLFW_BUILD_DLL /D SOIL /D WIN32 /D _DEBUG /D _CONSOLE /D _UNICODE /D UNICODE /Gm /EHsc /RTC1 /MDd /GS /fp:precise /Zc:wchar_t /Zc:forScope /Fo"Debug\\" /Fd"Debug\vc110.pdb" /FR"Debug\\" /Gd /TP /analyze- /errorReport:prompt main.cpp
         main.cpp
       Link:
         C:\Program Files (x86)\Microsoft Visual Studio 11.0\VC\bin\link.exe /ERRORREPORT:PROMPT /OUT:"C:\Users\Admin\Documents\Visual Studio 2012\Projects\ConsoleApplication1\Debug\ConsoleApplication1.exe" /INCREMENTAL /NOLOGO opengl32.lib glu32.lib glut32.lib glfwdll.lib glew32d.lib glew32mxd.lib FreeImage.lib SOIL.lib assimp.lib kernel32.lib user32.lib gdi32.lib winspool.lib comdlg32.lib advapi32.lib shell32.lib ole32.lib oleaut32.lib uuid.lib odbc32.lib odbccp32.lib /MANIFEST /MANIFESTUAC:"level='asInvoker' uiAccess='false'" /manifest:embed /DEBUG /PDB:"C:\Users\Admin\Documents\Visual Studio 2012\Projects\ConsoleApplication1\Debug\ConsoleApplication1.pdb" /SUBSYSTEM:CONSOLE /TLBID:1 /DYNAMICBASE /NXCOMPAT /IMPLIB:"C:\Users\Admin\Documents\Visual Studio 2012\Projects\ConsoleApplication1\Debug\ConsoleApplication1.lib" /MACHINE:X86 Debug\Camera.obj
         Debug\GameHighscores.obj
         Debug\GameIntro.obj
         Debug\GameMain.obj
         Debug\GameMenu.obj
         Debug\GameOptions.obj
         Debug\LightingTechnique.obj
         Debug\Pipeline.obj
         Debug\Technique.obj
         Debug\Texture.obj
         Debug\glFreeImage.obj
         Debug\Shader.obj
         Debug\main.obj
         Debug\game.obj
         Debug\Mesh.obj
         ConsoleApplication1.vcxproj -> C:\Users\Admin\Documents\Visual Studio 2012\Projects\ConsoleApplication1\Debug\ConsoleApplication1.exe
       BscMake:
         C:\Program Files (x86)\Microsoft Visual Studio 11.0\VC\bin\bscmake.exe /nologo /o"C:\Users\Admin\Documents\Visual Studio 2012\Projects\ConsoleApplication1\Debug\ConsoleApplication1.bsc" /n Debug\Camera.sbr Debug\GameHighscores.sbr Debug\GameIntro.sbr Debug\GameMain.sbr Debug\GameMenu.sbr Debug\GameOptions.sbr Debug\LightingTechnique.sbr Debug\Pipeline.sbr Debug\Technique.sbr Debug\Texture.sbr Debug\glFreeImage.sbr Debug\Shader.sbr Debug\main.sbr Debug\game.sbr Debug\Mesh.sbr
     1>Done Building Project "C:\Users\Admin\Documents\Visual Studio 2012\Projects\ConsoleApplication1\ConsoleApplication1\ConsoleApplication1.vcxproj" (Build target(s)).

Build succeeded.

Time Elapsed 00:00:24.79
