C:\USERS\ADMIN\DOCUMENTS\VISUAL STUDIO 2012\PROJECTS\CONSOLEAPPLICATION1\DEBUG\CONSOLEAPPLICATION1.BSC
C:\USERS\ADMIN\DOCUMENTS\VISUAL STUDIO 2012\PROJECTS\CONSOLEAPPLICATION1\CONSOLEAPPLICATION1\DEBUG\CAMERA.OBJ
C:\USERS\ADMIN\DOCUMENTS\VISUAL STUDIO 2012\PROJECTS\CONSOLEAPPLICATION1\CONSOLEAPPLICATION1\DEBUG\GAMEHIGHSCORES.OBJ
C:\USERS\ADMIN\DOCUMENTS\VISUAL STUDIO 2012\PROJECTS\CONSOLEAPPLICATION1\CONSOLEAPPLICATION1\DEBUG\GAMEINTRO.OBJ
C:\USERS\ADMIN\DOCUMENTS\VISUAL STUDIO 2012\PROJECTS\CONSOLEAPPLICATION1\CONSOLEAPPLICATION1\DEBUG\GAMEMAIN.OBJ
C:\USERS\ADMIN\DOCUMENTS\VISUAL STUDIO 2012\PROJECTS\CONSOLEAPPLICATION1\CONSOLEAPPLICATION1\DEBUG\GAMEMENU.OBJ
C:\USERS\ADMIN\DOCUMENTS\VISUAL STUDIO 2012\PROJECTS\CONSOLEAPPLICATION1\CONSOLEAPPLICATION1\DEBUG\GAMEOPTIONS.OBJ
C:\USERS\ADMIN\DOCUMENTS\VISUAL STUDIO 2012\PROJECTS\CONSOLEAPPLICATION1\CONSOLEAPPLICATION1\DEBUG\PIPELINE.OBJ
C:\USERS\ADMIN\DOCUMENTS\VISUAL STUDIO 2012\PROJECTS\CONSOLEAPPLICATION1\CONSOLEAPPLICATION1\DEBUG\TEXTURE.OBJ
C:\USERS\ADMIN\DOCUMENTS\VISUAL STUDIO 2012\PROJECTS\CONSOLEAPPLICATION1\CONSOLEAPPLICATION1\DEBUG\GLFREEIMAGE.OBJ
C:\USERS\ADMIN\DOCUMENTS\VISUAL STUDIO 2012\PROJECTS\CONSOLEAPPLICATION1\CONSOLEAPPLICATION1\DEBUG\SHADER.OBJ
C:\USERS\ADMIN\DOCUMENTS\VISUAL STUDIO 2012\PROJECTS\CONSOLEAPPLICATION1\CONSOLEAPPLICATION1\DEBUG\MAIN.OBJ
C:\USERS\ADMIN\DOCUMENTS\VISUAL STUDIO 2012\PROJECTS\CONSOLEAPPLICATION1\CONSOLEAPPLICATION1\DEBUG\GAME.OBJ
C:\USERS\ADMIN\DOCUMENTS\VISUAL STUDIO 2012\PROJECTS\CONSOLEAPPLICATION1\CONSOLEAPPLICATION1\DEBUG\MESH.OBJ
C:\USERS\ADMIN\DOCUMENTS\VISUAL STUDIO 2012\PROJECTS\CONSOLEAPPLICATION1\CONSOLEAPPLICATION1\DEBUG\VC110.PDB
C:\USERS\ADMIN\DOCUMENTS\VISUAL STUDIO 2012\PROJECTS\CONSOLEAPPLICATION1\CONSOLEAPPLICATION1\DEBUG\TECHNIQUE.SBR
C:\USERS\ADMIN\DOCUMENTS\VISUAL STUDIO 2012\PROJECTS\CONSOLEAPPLICATION1\CONSOLEAPPLICATION1\DEBUG\TECHNIQUE.OBJ
C:\USERS\ADMIN\DOCUMENTS\VISUAL STUDIO 2012\PROJECTS\CONSOLEAPPLICATION1\CONSOLEAPPLICATION1\DEBUG\MESH.SBR
C:\USERS\ADMIN\DOCUMENTS\VISUAL STUDIO 2012\PROJECTS\CONSOLEAPPLICATION1\CONSOLEAPPLICATION1\DEBUG\GAME.SBR
C:\USERS\ADMIN\DOCUMENTS\VISUAL STUDIO 2012\PROJECTS\CONSOLEAPPLICATION1\CONSOLEAPPLICATION1\DEBUG\MAIN.SBR
C:\USERS\ADMIN\DOCUMENTS\VISUAL STUDIO 2012\PROJECTS\CONSOLEAPPLICATION1\CONSOLEAPPLICATION1\DEBUG\GLFREEIMAGE.SBR
C:\USERS\ADMIN\DOCUMENTS\VISUAL STUDIO 2012\PROJECTS\CONSOLEAPPLICATION1\CONSOLEAPPLICATION1\DEBUG\TEXTURE.SBR
C:\USERS\ADMIN\DOCUMENTS\VISUAL STUDIO 2012\PROJECTS\CONSOLEAPPLICATION1\CONSOLEAPPLICATION1\DEBUG\SHADER.SBR
C:\USERS\ADMIN\DOCUMENTS\VISUAL STUDIO 2012\PROJECTS\CONSOLEAPPLICATION1\CONSOLEAPPLICATION1\DEBUG\PIPELINE.SBR
C:\USERS\ADMIN\DOCUMENTS\VISUAL STUDIO 2012\PROJECTS\CONSOLEAPPLICATION1\CONSOLEAPPLICATION1\DEBUG\GAMEOPTIONS.SBR
C:\USERS\ADMIN\DOCUMENTS\VISUAL STUDIO 2012\PROJECTS\CONSOLEAPPLICATION1\CONSOLEAPPLICATION1\DEBUG\GAMEMENU.SBR
C:\USERS\ADMIN\DOCUMENTS\VISUAL STUDIO 2012\PROJECTS\CONSOLEAPPLICATION1\CONSOLEAPPLICATION1\DEBUG\GAMEMAIN.SBR
C:\USERS\ADMIN\DOCUMENTS\VISUAL STUDIO 2012\PROJECTS\CONSOLEAPPLICATION1\CONSOLEAPPLICATION1\DEBUG\GAMEINTRO.SBR
C:\USERS\ADMIN\DOCUMENTS\VISUAL STUDIO 2012\PROJECTS\CONSOLEAPPLICATION1\CONSOLEAPPLICATION1\DEBUG\GAMEHIGHSCORES.SBR
C:\USERS\ADMIN\DOCUMENTS\VISUAL STUDIO 2012\PROJECTS\CONSOLEAPPLICATION1\CONSOLEAPPLICATION1\DEBUG\CAMERA.SBR
C:\USERS\ADMIN\DOCUMENTS\VISUAL STUDIO 2012\PROJECTS\CONSOLEAPPLICATION1\DEBUG\CONSOLEAPPLICATION1.ILK
C:\USERS\ADMIN\DOCUMENTS\VISUAL STUDIO 2012\PROJECTS\CONSOLEAPPLICATION1\DEBUG\CONSOLEAPPLICATION1.EXE
C:\USERS\ADMIN\DOCUMENTS\VISUAL STUDIO 2012\PROJECTS\CONSOLEAPPLICATION1\DEBUG\CONSOLEAPPLICATION1.PDB
C:\Users\Admin\Documents\Visual Studio 2012\Projects\ConsoleApplication1\ConsoleApplication1\Debug\Camera.obj
C:\Users\Admin\Documents\Visual Studio 2012\Projects\ConsoleApplication1\ConsoleApplication1\Debug\game.obj
C:\Users\Admin\Documents\Visual Studio 2012\Projects\ConsoleApplication1\ConsoleApplication1\Debug\GameHighscores.obj
C:\Users\Admin\Documents\Visual Studio 2012\Projects\ConsoleApplication1\ConsoleApplication1\Debug\GameIntro.obj
C:\Users\Admin\Documents\Visual Studio 2012\Projects\ConsoleApplication1\ConsoleApplication1\Debug\GameMain.obj
C:\Users\Admin\Documents\Visual Studio 2012\Projects\ConsoleApplication1\ConsoleApplication1\Debug\GameMenu.obj
C:\Users\Admin\Documents\Visual Studio 2012\Projects\ConsoleApplication1\ConsoleApplication1\Debug\GameOptions.obj
C:\Users\Admin\Documents\Visual Studio 2012\Projects\ConsoleApplication1\ConsoleApplication1\Debug\glFreeImage.obj
C:\Users\Admin\Documents\Visual Studio 2012\Projects\ConsoleApplication1\ConsoleApplication1\Debug\main.obj
C:\Users\Admin\Documents\Visual Studio 2012\Projects\ConsoleApplication1\ConsoleApplication1\Debug\Mesh.obj
C:\Users\Admin\Documents\Visual Studio 2012\Projects\ConsoleApplication1\ConsoleApplication1\Debug\Pipeline.obj
C:\Users\Admin\Documents\Visual Studio 2012\Projects\ConsoleApplication1\ConsoleApplication1\Debug\Shader.obj
C:\Users\Admin\Documents\Visual Studio 2012\Projects\ConsoleApplication1\ConsoleApplication1\Debug\Technique.obj
C:\Users\Admin\Documents\Visual Studio 2012\Projects\ConsoleApplication1\ConsoleApplication1\Debug\Texture.obj
C:\Users\Admin\Documents\Visual Studio 2012\Projects\ConsoleApplication1\ConsoleApplication1\Debug\BscMake.command.1.tlog
C:\Users\Admin\Documents\Visual Studio 2012\Projects\ConsoleApplication1\ConsoleApplication1\Debug\bscmake.read.1.tlog
C:\Users\Admin\Documents\Visual Studio 2012\Projects\ConsoleApplication1\ConsoleApplication1\Debug\BscMake.write.1.tlog
C:\Users\Admin\Documents\Visual Studio 2012\Projects\ConsoleApplication1\ConsoleApplication1\Debug\cl.command.1.tlog
C:\Users\Admin\Documents\Visual Studio 2012\Projects\ConsoleApplication1\ConsoleApplication1\Debug\CL.read.1.tlog
C:\Users\Admin\Documents\Visual Studio 2012\Projects\ConsoleApplication1\ConsoleApplication1\Debug\CL.write.1.tlog
C:\Users\Admin\Documents\Visual Studio 2012\Projects\ConsoleApplication1\ConsoleApplication1\Debug\link-cvtres.read.1.tlog
C:\Users\Admin\Documents\Visual Studio 2012\Projects\ConsoleApplication1\ConsoleApplication1\Debug\link-cvtres.write.1.tlog
C:\Users\Admin\Documents\Visual Studio 2012\Projects\ConsoleApplication1\ConsoleApplication1\Debug\link-rc.read.1.tlog
C:\Users\Admin\Documents\Visual Studio 2012\Projects\ConsoleApplication1\ConsoleApplication1\Debug\link-rc.write.1.tlog
C:\Users\Admin\Documents\Visual Studio 2012\Projects\ConsoleApplication1\ConsoleApplication1\Debug\link.1204-cvtres.read.1.tlog
C:\Users\Admin\Documents\Visual Studio 2012\Projects\ConsoleApplication1\ConsoleApplication1\Debug\link.1204-cvtres.write.1.tlog
C:\Users\Admin\Documents\Visual Studio 2012\Projects\ConsoleApplication1\ConsoleApplication1\Debug\link.1204-rc.read.1.tlog
C:\Users\Admin\Documents\Visual Studio 2012\Projects\ConsoleApplication1\ConsoleApplication1\Debug\link.1204-rc.write.1.tlog
C:\Users\Admin\Documents\Visual Studio 2012\Projects\ConsoleApplication1\ConsoleApplication1\Debug\link.1204.read.1.tlog
C:\Users\Admin\Documents\Visual Studio 2012\Projects\ConsoleApplication1\ConsoleApplication1\Debug\link.1204.write.1.tlog
C:\Users\Admin\Documents\Visual Studio 2012\Projects\ConsoleApplication1\ConsoleApplication1\Debug\link.2108-cvtres.read.1.tlog
C:\Users\Admin\Documents\Visual Studio 2012\Projects\ConsoleApplication1\ConsoleApplication1\Debug\link.2108-cvtres.write.1.tlog
C:\Users\Admin\Documents\Visual Studio 2012\Projects\ConsoleApplication1\ConsoleApplication1\Debug\link.2108-rc.read.1.tlog
C:\Users\Admin\Documents\Visual Studio 2012\Projects\ConsoleApplication1\ConsoleApplication1\Debug\link.2108-rc.write.1.tlog
C:\Users\Admin\Documents\Visual Studio 2012\Projects\ConsoleApplication1\ConsoleApplication1\Debug\link.2108.read.1.tlog
C:\Users\Admin\Documents\Visual Studio 2012\Projects\ConsoleApplication1\ConsoleApplication1\Debug\link.2108.write.1.tlog
C:\Users\Admin\Documents\Visual Studio 2012\Projects\ConsoleApplication1\ConsoleApplication1\Debug\link.4064-cvtres.read.1.tlog
C:\Users\Admin\Documents\Visual Studio 2012\Projects\ConsoleApplication1\ConsoleApplication1\Debug\link.4064-cvtres.write.1.tlog
C:\Users\Admin\Documents\Visual Studio 2012\Projects\ConsoleApplication1\ConsoleApplication1\Debug\link.4064-rc.read.1.tlog
C:\Users\Admin\Documents\Visual Studio 2012\Projects\ConsoleApplication1\ConsoleApplication1\Debug\link.4064-rc.write.1.tlog
C:\Users\Admin\Documents\Visual Studio 2012\Projects\ConsoleApplication1\ConsoleApplication1\Debug\link.4064.read.1.tlog
C:\Users\Admin\Documents\Visual Studio 2012\Projects\ConsoleApplication1\ConsoleApplication1\Debug\link.4064.write.1.tlog
C:\Users\Admin\Documents\Visual Studio 2012\Projects\ConsoleApplication1\ConsoleApplication1\Debug\link.4496-cvtres.read.1.tlog
C:\Users\Admin\Documents\Visual Studio 2012\Projects\ConsoleApplication1\ConsoleApplication1\Debug\link.4496-cvtres.write.1.tlog
C:\Users\Admin\Documents\Visual Studio 2012\Projects\ConsoleApplication1\ConsoleApplication1\Debug\link.4496-rc.read.1.tlog
C:\Users\Admin\Documents\Visual Studio 2012\Projects\ConsoleApplication1\ConsoleApplication1\Debug\link.4496-rc.write.1.tlog
C:\Users\Admin\Documents\Visual Studio 2012\Projects\ConsoleApplication1\ConsoleApplication1\Debug\link.4496.read.1.tlog
C:\Users\Admin\Documents\Visual Studio 2012\Projects\ConsoleApplication1\ConsoleApplication1\Debug\link.4496.write.1.tlog
C:\Users\Admin\Documents\Visual Studio 2012\Projects\ConsoleApplication1\ConsoleApplication1\Debug\link.5420-cvtres.read.1.tlog
C:\Users\Admin\Documents\Visual Studio 2012\Projects\ConsoleApplication1\ConsoleApplication1\Debug\link.5420-cvtres.write.1.tlog
C:\Users\Admin\Documents\Visual Studio 2012\Projects\ConsoleApplication1\ConsoleApplication1\Debug\link.5420-rc.read.1.tlog
C:\Users\Admin\Documents\Visual Studio 2012\Projects\ConsoleApplication1\ConsoleApplication1\Debug\link.5420-rc.write.1.tlog
C:\Users\Admin\Documents\Visual Studio 2012\Projects\ConsoleApplication1\ConsoleApplication1\Debug\link.5420.read.1.tlog
C:\Users\Admin\Documents\Visual Studio 2012\Projects\ConsoleApplication1\ConsoleApplication1\Debug\link.5420.write.1.tlog
C:\Users\Admin\Documents\Visual Studio 2012\Projects\ConsoleApplication1\ConsoleApplication1\Debug\link.6576-cvtres.read.1.tlog
C:\Users\Admin\Documents\Visual Studio 2012\Projects\ConsoleApplication1\ConsoleApplication1\Debug\link.6576-cvtres.write.1.tlog
C:\Users\Admin\Documents\Visual Studio 2012\Projects\ConsoleApplication1\ConsoleApplication1\Debug\link.6576-rc.read.1.tlog
C:\Users\Admin\Documents\Visual Studio 2012\Projects\ConsoleApplication1\ConsoleApplication1\Debug\link.6576-rc.write.1.tlog
C:\Users\Admin\Documents\Visual Studio 2012\Projects\ConsoleApplication1\ConsoleApplication1\Debug\link.6576.read.1.tlog
C:\Users\Admin\Documents\Visual Studio 2012\Projects\ConsoleApplication1\ConsoleApplication1\Debug\link.6576.write.1.tlog
C:\Users\Admin\Documents\Visual Studio 2012\Projects\ConsoleApplication1\ConsoleApplication1\Debug\link.command.1.tlog
C:\Users\Admin\Documents\Visual Studio 2012\Projects\ConsoleApplication1\ConsoleApplication1\Debug\link.read.1.tlog
C:\Users\Admin\Documents\Visual Studio 2012\Projects\ConsoleApplication1\ConsoleApplication1\Debug\link.write.1.tlog
C:\Users\Admin\Documents\Visual Studio 2012\Projects\ConsoleApplication1\ConsoleApplication1\Debug\vc110.idb
C:\Users\Admin\Documents\Visual Studio 2012\Projects\ConsoleApplication1\ConsoleApplication1\Debug\vc110.pdb
C:\Users\Admin\Documents\Visual Studio 2012\Projects\ConsoleApplication1\ConsoleApplication1\Debug\Camera.sbr
C:\Users\Admin\Documents\Visual Studio 2012\Projects\ConsoleApplication1\ConsoleApplication1\Debug\game.sbr
C:\Users\Admin\Documents\Visual Studio 2012\Projects\ConsoleApplication1\ConsoleApplication1\Debug\GameHighscores.sbr
C:\Users\Admin\Documents\Visual Studio 2012\Projects\ConsoleApplication1\ConsoleApplication1\Debug\GameIntro.sbr
C:\Users\Admin\Documents\Visual Studio 2012\Projects\ConsoleApplication1\ConsoleApplication1\Debug\GameMain.sbr
C:\Users\Admin\Documents\Visual Studio 2012\Projects\ConsoleApplication1\ConsoleApplication1\Debug\GameMenu.sbr
C:\Users\Admin\Documents\Visual Studio 2012\Projects\ConsoleApplication1\ConsoleApplication1\Debug\GameOptions.sbr
C:\Users\Admin\Documents\Visual Studio 2012\Projects\ConsoleApplication1\ConsoleApplication1\Debug\glFreeImage.sbr
C:\Users\Admin\Documents\Visual Studio 2012\Projects\ConsoleApplication1\ConsoleApplication1\Debug\main.sbr
C:\Users\Admin\Documents\Visual Studio 2012\Projects\ConsoleApplication1\ConsoleApplication1\Debug\Mesh.sbr
C:\Users\Admin\Documents\Visual Studio 2012\Projects\ConsoleApplication1\ConsoleApplication1\Debug\Pipeline.sbr
C:\Users\Admin\Documents\Visual Studio 2012\Projects\ConsoleApplication1\ConsoleApplication1\Debug\Shader.sbr
C:\Users\Admin\Documents\Visual Studio 2012\Projects\ConsoleApplication1\ConsoleApplication1\Debug\Technique.sbr
C:\Users\Admin\Documents\Visual Studio 2012\Projects\ConsoleApplication1\ConsoleApplication1\Debug\Texture.sbr
C:\Users\Admin\Documents\Visual Studio 2012\Projects\ConsoleApplication1\Debug\ConsoleApplication1.pdb
C:\Users\Admin\Documents\Visual Studio 2012\Projects\ConsoleApplication1\Debug\ConsoleApplication1.exe
C:\Users\Admin\Documents\Visual Studio 2012\Projects\ConsoleApplication1\Debug\ConsoleApplication1.bsc
C:\Users\Admin\Documents\Visual Studio 2012\Projects\ConsoleApplication1\Debug\ConsoleApplication1.ilk
