C:\USERS\ADMIN\DOCUMENTS\VISUAL STUDIO 2012\PROJECTS\CONSOLEAPPLICATION1\CONSOLEAPPLICATION1\RELEASE\MESH.OBJ
C:\USERS\ADMIN\DOCUMENTS\VISUAL STUDIO 2012\PROJECTS\CONSOLEAPPLICATION1\CONSOLEAPPLICATION1\RELEASE\GAME.OBJ
C:\USERS\ADMIN\DOCUMENTS\VISUAL STUDIO 2012\PROJECTS\CONSOLEAPPLICATION1\CONSOLEAPPLICATION1\RELEASE\MAIN.OBJ
C:\USERS\ADMIN\DOCUMENTS\VISUAL STUDIO 2012\PROJECTS\CONSOLEAPPLICATION1\CONSOLEAPPLICATION1\RELEASE\SHADER.OBJ
C:\USERS\ADMIN\DOCUMENTS\VISUAL STUDIO 2012\PROJECTS\CONSOLEAPPLICATION1\CONSOLEAPPLICATION1\RELEASE\GLFREEIMAGE.OBJ
C:\USERS\ADMIN\DOCUMENTS\VISUAL STUDIO 2012\PROJECTS\CONSOLEAPPLICATION1\CONSOLEAPPLICATION1\RELEASE\TEXTURE.OBJ
C:\USERS\ADMIN\DOCUMENTS\VISUAL STUDIO 2012\PROJECTS\CONSOLEAPPLICATION1\CONSOLEAPPLICATION1\RELEASE\TECHNIQUE.OBJ
C:\USERS\ADMIN\DOCUMENTS\VISUAL STUDIO 2012\PROJECTS\CONSOLEAPPLICATION1\CONSOLEAPPLICATION1\RELEASE\PIPELINE.OBJ
C:\USERS\ADMIN\DOCUMENTS\VISUAL STUDIO 2012\PROJECTS\CONSOLEAPPLICATION1\CONSOLEAPPLICATION1\RELEASE\LIGHTINGTECHNIQUE.OBJ
C:\USERS\ADMIN\DOCUMENTS\VISUAL STUDIO 2012\PROJECTS\CONSOLEAPPLICATION1\CONSOLEAPPLICATION1\RELEASE\GAMEOPTIONS.OBJ
C:\USERS\ADMIN\DOCUMENTS\VISUAL STUDIO 2012\PROJECTS\CONSOLEAPPLICATION1\CONSOLEAPPLICATION1\RELEASE\GAMEMENU.OBJ
C:\USERS\ADMIN\DOCUMENTS\VISUAL STUDIO 2012\PROJECTS\CONSOLEAPPLICATION1\CONSOLEAPPLICATION1\RELEASE\GAMEMAIN.OBJ
C:\USERS\ADMIN\DOCUMENTS\VISUAL STUDIO 2012\PROJECTS\CONSOLEAPPLICATION1\CONSOLEAPPLICATION1\RELEASE\GAMEINTRO.OBJ
C:\USERS\ADMIN\DOCUMENTS\VISUAL STUDIO 2012\PROJECTS\CONSOLEAPPLICATION1\CONSOLEAPPLICATION1\RELEASE\GAMEHIGHSCORES.OBJ
C:\USERS\ADMIN\DOCUMENTS\VISUAL STUDIO 2012\PROJECTS\CONSOLEAPPLICATION1\CONSOLEAPPLICATION1\RELEASE\CAMERA.OBJ
C:\USERS\ADMIN\DOCUMENTS\VISUAL STUDIO 2012\PROJECTS\CONSOLEAPPLICATION1\CONSOLEAPPLICATION1\RELEASE\VC110.PDB
C:\USERS\DARK MAJSTER\DESKTOP\VISUAL PLIKI\CONSOLEAPPLICATION1\CONSOLEAPPLICATION1\RELEASE\TEXTURE.OBJ
C:\USERS\DARK MAJSTER\DESKTOP\VISUAL PLIKI\CONSOLEAPPLICATION1\CONSOLEAPPLICATION1\RELEASE\GLFREEIMAGE.OBJ
C:\USERS\DARK MAJSTER\DESKTOP\VISUAL PLIKI\CONSOLEAPPLICATION1\CONSOLEAPPLICATION1\RELEASE\SHADER.OBJ
C:\USERS\DARK MAJSTER\DESKTOP\VISUAL PLIKI\CONSOLEAPPLICATION1\CONSOLEAPPLICATION1\RELEASE\PIPELINE.OBJ
C:\USERS\DARK MAJSTER\DESKTOP\VISUAL PLIKI\CONSOLEAPPLICATION1\CONSOLEAPPLICATION1\RELEASE\MESH.OBJ
C:\USERS\DARK MAJSTER\DESKTOP\VISUAL PLIKI\CONSOLEAPPLICATION1\CONSOLEAPPLICATION1\RELEASE\MAIN.OBJ
C:\USERS\DARK MAJSTER\DESKTOP\VISUAL PLIKI\CONSOLEAPPLICATION1\CONSOLEAPPLICATION1\RELEASE\TECHNIQUE.OBJ
C:\USERS\DARK MAJSTER\DESKTOP\VISUAL PLIKI\CONSOLEAPPLICATION1\CONSOLEAPPLICATION1\RELEASE\LIGHTINGTECHNIQUE.OBJ
C:\USERS\DARK MAJSTER\DESKTOP\VISUAL PLIKI\CONSOLEAPPLICATION1\CONSOLEAPPLICATION1\RELEASE\GAMEOPTIONS.OBJ
C:\USERS\DARK MAJSTER\DESKTOP\VISUAL PLIKI\CONSOLEAPPLICATION1\CONSOLEAPPLICATION1\RELEASE\GAMEMENU.OBJ
C:\USERS\DARK MAJSTER\DESKTOP\VISUAL PLIKI\CONSOLEAPPLICATION1\CONSOLEAPPLICATION1\RELEASE\GAMEMAIN.OBJ
C:\USERS\DARK MAJSTER\DESKTOP\VISUAL PLIKI\CONSOLEAPPLICATION1\CONSOLEAPPLICATION1\RELEASE\GAMEHIGHSCORES.OBJ
C:\USERS\DARK MAJSTER\DESKTOP\VISUAL PLIKI\CONSOLEAPPLICATION1\CONSOLEAPPLICATION1\RELEASE\GAME.OBJ
C:\USERS\DARK MAJSTER\DESKTOP\VISUAL PLIKI\CONSOLEAPPLICATION1\CONSOLEAPPLICATION1\RELEASE\CAMERA.OBJ
C:\USERS\DARK MAJSTER\DESKTOP\VISUAL PLIKI\CONSOLEAPPLICATION1\CONSOLEAPPLICATION1\RELEASE\GAMEINTRO.OBJ
C:\USERS\DARK MAJSTER\DESKTOP\VISUAL PLIKI\CONSOLEAPPLICATION1\CONSOLEAPPLICATION1\RELEASE\VC110.PDB
C:\USERS\ADMIN\DOCUMENTS\VISUAL STUDIO 2012\PROJECTS\CONSOLEAPPLICATION1\RELEASE\CONSOLEAPPLICATION1.EXE
C:\USERS\ADMIN\DOCUMENTS\VISUAL STUDIO 2012\PROJECTS\CONSOLEAPPLICATION1\RELEASE\CONSOLEAPPLICATION1.PDB
C:\Users\Dark Majster\Desktop\Visual pliki\ConsoleApplication1\ConsoleApplication1\Release\Camera.obj
C:\Users\Dark Majster\Desktop\Visual pliki\ConsoleApplication1\ConsoleApplication1\Release\game.obj
C:\Users\Dark Majster\Desktop\Visual pliki\ConsoleApplication1\ConsoleApplication1\Release\GameHighscores.obj
C:\Users\Dark Majster\Desktop\Visual pliki\ConsoleApplication1\ConsoleApplication1\Release\GameIntro.obj
C:\Users\Dark Majster\Desktop\Visual pliki\ConsoleApplication1\ConsoleApplication1\Release\GameMain.obj
C:\Users\Dark Majster\Desktop\Visual pliki\ConsoleApplication1\ConsoleApplication1\Release\GameMenu.obj
C:\Users\Dark Majster\Desktop\Visual pliki\ConsoleApplication1\ConsoleApplication1\Release\GameOptions.obj
C:\Users\Dark Majster\Desktop\Visual pliki\ConsoleApplication1\ConsoleApplication1\Release\glFreeImage.obj
C:\Users\Dark Majster\Desktop\Visual pliki\ConsoleApplication1\ConsoleApplication1\Release\LightingTechnique.obj
C:\Users\Dark Majster\Desktop\Visual pliki\ConsoleApplication1\ConsoleApplication1\Release\main.obj
C:\Users\Dark Majster\Desktop\Visual pliki\ConsoleApplication1\ConsoleApplication1\Release\Mesh.obj
C:\Users\Dark Majster\Desktop\Visual pliki\ConsoleApplication1\ConsoleApplication1\Release\Pipeline.obj
C:\Users\Dark Majster\Desktop\Visual pliki\ConsoleApplication1\ConsoleApplication1\Release\Shader.obj
C:\Users\Dark Majster\Desktop\Visual pliki\ConsoleApplication1\ConsoleApplication1\Release\Technique.obj
C:\Users\Dark Majster\Desktop\Visual pliki\ConsoleApplication1\ConsoleApplication1\Release\Texture.obj
C:\Users\Dark Majster\Desktop\Visual pliki\ConsoleApplication1\ConsoleApplication1\Release\cl.command.1.tlog
C:\Users\Dark Majster\Desktop\Visual pliki\ConsoleApplication1\ConsoleApplication1\Release\CL.read.1.tlog
C:\Users\Dark Majster\Desktop\Visual pliki\ConsoleApplication1\ConsoleApplication1\Release\CL.write.1.tlog
C:\Users\Dark Majster\Desktop\Visual pliki\ConsoleApplication1\ConsoleApplication1\Release\link-cvtres.read.1.tlog
C:\Users\Dark Majster\Desktop\Visual pliki\ConsoleApplication1\ConsoleApplication1\Release\link-cvtres.write.1.tlog
C:\Users\Dark Majster\Desktop\Visual pliki\ConsoleApplication1\ConsoleApplication1\Release\link-rc.read.1.tlog
C:\Users\Dark Majster\Desktop\Visual pliki\ConsoleApplication1\ConsoleApplication1\Release\link-rc.write.1.tlog
C:\Users\Dark Majster\Desktop\Visual pliki\ConsoleApplication1\ConsoleApplication1\Release\link.command.1.tlog
C:\Users\Dark Majster\Desktop\Visual pliki\ConsoleApplication1\ConsoleApplication1\Release\link.read.1.tlog
C:\Users\Dark Majster\Desktop\Visual pliki\ConsoleApplication1\ConsoleApplication1\Release\link.write.1.tlog
C:\Users\Dark Majster\Desktop\Visual pliki\ConsoleApplication1\ConsoleApplication1\Release\vc110.pdb
C:\Users\Dark Majster\Desktop\Visual pliki\ConsoleApplication1\Release\ConsoleApplication1.pdb
